<programlisting><userinput>You have zero items in your shopping cart.
Vous n'avez pas d'articles dans votre panier.
You have one item in your shopping cart.
Vous avez un article dans votre panier.
You have two items in your shopping cart.
Vous avez deux articles dans votre panier.
You have three items in your shopping cart.
Vous avez trois articles dans votre panier.
You have four items in your shopping cart.
Vous avez quatre articles dans votre panier.
You have five items in your shopping cart.
Vous avez cinq articles dans votre panier.
You have six items in your shopping cart.
Vous avez six articles dans votre panier.
You have seven items in your shopping cart.
Vous avez sept articles dans votre panier.
You have eight items in your shopping cart.
Vous avez huit articles dans votre panier.
You have nine items in your shopping cart.
Vous avez neuf articles dans votre panier.</userinput></programlisting>
